<?xml version="1.0" encoding="UTF-8"?>
<testsuite xmlns:xsi="http://www.w3.org/2001/XMLSchema-instance" xsi:noNamespaceSchemaLocation="https://maven.apache.org/surefire/maven-surefire-plugin/xsd/surefire-test-report.xsd" version="3.0.2" name="crisel.ayala.api.externalServices.impl.PercentageServiceImplTest" time="0.554" tests="3" errors="0" skipped="0" failures="0">
  <properties>
[...]
</properties>
  <testcase name="testObtainPercentage_NoExternalCall_NoCache_ReturnsNegativeOne" classname="crisel.ayala.api.externalServices.impl.PercentageServiceImplTest" time="0.517"/>
  <testcase name="testObtainPercentage_NullExternalCall_FallbackToCache" classname="crisel.ayala.api.externalServices.impl.PercentageServiceImplTest" time="0.005"/>
  <testcase name="testObtainPercentage_SuccessfulExternalCall" classname="crisel.ayala.api.externalServices.impl.PercentageServiceImplTest" time="0.027"/>
</testsuite>